#
# There is insufficient memory for the Java Runtime Environment to continue.
# Native memory allocation (malloc) failed to allocate 1793616 bytes. Error detail: Chunk::new
# Possible reasons:
#   The system is out of physical RAM or swap space
#   This process is running with CompressedOops enabled, and the Java Heap may be blocking the growth of the native heap
# Possible solutions:
#   Reduce memory load on the system
#   Increase physical memory or swap space
#   Check if swap backing store is full
#   Decrease Java heap size (-Xmx/-Xms)
#   Decrease number of Java threads
#   Decrease Java thread stack sizes (-Xss)
#   Set larger code cache with -XX:ReservedCodeCacheSize=
#   JVM is running with Unscaled Compressed Oops mode in which the Java heap is
#     placed in the first 4GB address space. The Java Heap base address is the
#     maximum limit for the native heap growth. Please use -XX:HeapBaseMinAddress
#     to set the Java Heap base and to place the Java Heap above 4GB virtual address.
# This output file may be truncated or incomplete.
#
#  Out of Memory Error (arena.cpp:168), pid=15476, tid=22188
#
# JRE version: OpenJDK Runtime Environment Temurin-21.0.6+7 (21.0.6+7) (build 21.0.6+7-LTS)
# Java VM: OpenJDK 64-Bit Server VM Temurin-21.0.6+7 (21.0.6+7-LTS, mixed mode, sharing, tiered, compressed oops, compressed class ptrs, parallel gc, windows-amd64)
# No core dump will be written. Minidumps are not enabled by default on client versions of Windows
#

---------------  S U M M A R Y ------------

Command Line: --add-modules=ALL-SYSTEM --add-opens=java.base/java.util=ALL-UNNAMED --add-opens=java.base/java.lang=ALL-UNNAMED --add-opens=java.base/sun.nio.fs=ALL-UNNAMED -Declipse.application=org.eclipse.jdt.ls.core.id1 -Dosgi.bundles.defaultStartLevel=4 -Declipse.product=org.eclipse.jdt.ls.core.product -Djava.import.generatesMetadataFilesAtProjectRoot=false -DDetectVMInstallationsJob.disabled=true -Dfile.encoding=utf8 -XX:+UseParallelGC -XX:GCTimeRatio=4 -XX:AdaptiveSizePolicyWeight=90 -Dsun.zip.disableMemoryMapping=true -Xmx1G -Xms100m -Xlog:disable -javaagent:c:\Users\Janhvi\.vscode\extensions\redhat.java-1.41.0-win32-x64\lombok\lombok-1.18.36.jar -XX:+HeapDumpOnOutOfMemoryError -XX:HeapDumpPath=c:\Users\Janhvi\AppData\Roaming\Code\User\workspaceStorage\c0c48b47556db63df1e9c911982a99ea\redhat.java -Daether.dependencyCollector.impl=bf c:\Users\Janhvi\.vscode\extensions\redhat.java-1.41.0-win32-x64\server\plugins\org.eclipse.equinox.launcher_1.6.1100.v20250306-0509.jar -configuration c:\Users\Janhvi\AppData\Roaming\Code\User\globalStorage\redhat.java\1.41.0\config_win -data c:\Users\Janhvi\AppData\Roaming\Code\User\workspaceStorage\c0c48b47556db63df1e9c911982a99ea\redhat.java\jdt_ws --pipe=\\.\pipe\lsp-a58125cb1e95c1f4f77b42125e3fe5a2-sock

Host: 12th Gen Intel(R) Core(TM) i5-1240P, 16 cores, 15G,  Windows 11 , 64 bit Build 26100 (10.0.26100.3624)
Time: Mon Mar 31 22:48:14 2025 India Standard Time elapsed time: 25.295956 seconds (0d 0h 0m 25s)

---------------  T H R E A D  ---------------

Current thread (0x00000281d30b9f60):  JavaThread "C2 CompilerThread0" daemon [_thread_in_native, id=22188, stack(0x0000009888600000,0x0000009888700000) (1024K)]


Current CompileTask:
C2:25296 4769   !   4       org.eclipse.osgi.internal.loader.classpath.ClasspathManager::findClassImpl (343 bytes)

Stack: [0x0000009888600000,0x0000009888700000]
Native frames: (J=compiled Java code, j=interpreted, Vv=VM code, C=native code)
V  [jvm.dll+0x6cdee9]
V  [jvm.dll+0x8a83d1]
V  [jvm.dll+0x8aa8fe]
V  [jvm.dll+0x8aafe3]
V  [jvm.dll+0x27f706]
V  [jvm.dll+0xc500d]
V  [jvm.dll+0xc5543]
V  [jvm.dll+0x3b6752]
V  [jvm.dll+0x1e0009]
V  [jvm.dll+0x247b42]
V  [jvm.dll+0x246fcf]
V  [jvm.dll+0x1c75ee]
V  [jvm.dll+0x25685a]
V  [jvm.dll+0x254dfa]
V  [jvm.dll+0x3f0256]
V  [jvm.dll+0x851f8b]
V  [jvm.dll+0x6cc5ed]
C  [ucrtbase.dll+0x37b0]
C  [KERNEL32.DLL+0x2e8d7]
C  [ntdll.dll+0xb14fc]


---------------  P R O C E S S  ---------------

Threads class SMR info:
_java_thread_list=0x00000281de2be1e0, length=56, elements={
0x00000281fa2bc560, 0x00000281ffbae390, 0x00000281fc8641e0, 0x00000281fc86d050,
0x00000281fc86a8f0, 0x00000281fc86d6e0, 0x00000281fc86c9c0, 0x00000281d30b9f60,
0x00000281d30bb560, 0x00000281fc86dd70, 0x00000281fc86af80, 0x00000281fc86c330,
0x00000281fc86bca0, 0x00000281d9ed26c0, 0x00000281d9ed5b40, 0x00000281d9ed54b0,
0x00000281d9ed2d50, 0x00000281d96334a0, 0x00000281d953c830, 0x00000281d9ed33e0,
0x00000281d9ed4e20, 0x00000281d9ed4100, 0x00000281d96a79c0, 0x00000281daa34080,
0x00000281d3261d20, 0x00000281da004040, 0x00000281d96a7330, 0x00000281d96a8050,
0x00000281d96a6ca0, 0x00000281dbe66e40, 0x00000281d96a86e0, 0x00000281d96a8d70,
0x00000281d96a9400, 0x00000281d96a9a90, 0x00000281d96a6610, 0x00000281d96ad5a0,
0x00000281d96ac880, 0x00000281d96acf10, 0x00000281d96ac1f0, 0x00000281d96aa120,
0x00000281d96aa7b0, 0x00000281d96ab4d0, 0x00000281d96adc30, 0x00000281d96abb60,
0x00000281d96aae40, 0x00000281dda86f20, 0x00000281dda847c0, 0x00000281dda86200,
0x00000281ddab86e0, 0x00000281db399200, 0x00000281dda83aa0, 0x00000281d33795c0,
0x00000281d9bb5f50, 0x00000281dda84130, 0x00000281dda875b0, 0x00000281dda87c40
}

Java Threads: ( => current thread )
  0x00000281fa2bc560 JavaThread "main"                              [_thread_in_Java, id=19336, stack(0x0000009887c00000,0x0000009887d00000) (1024K)]
  0x00000281ffbae390 JavaThread "Reference Handler"          daemon [_thread_blocked, id=4240, stack(0x0000009888000000,0x0000009888100000) (1024K)]
  0x00000281fc8641e0 JavaThread "Finalizer"                  daemon [_thread_blocked, id=17304, stack(0x0000009888100000,0x0000009888200000) (1024K)]
  0x00000281fc86d050 JavaThread "Signal Dispatcher"          daemon [_thread_blocked, id=26124, stack(0x0000009888200000,0x0000009888300000) (1024K)]
  0x00000281fc86a8f0 JavaThread "Attach Listener"            daemon [_thread_blocked, id=1196, stack(0x0000009888300000,0x0000009888400000) (1024K)]
  0x00000281fc86d6e0 JavaThread "Service Thread"             daemon [_thread_blocked, id=22788, stack(0x0000009888400000,0x0000009888500000) (1024K)]
  0x00000281fc86c9c0 JavaThread "Monitor Deflation Thread"   daemon [_thread_blocked, id=29484, stack(0x0000009888500000,0x0000009888600000) (1024K)]
=>0x00000281d30b9f60 JavaThread "C2 CompilerThread0"         daemon [_thread_in_native, id=22188, stack(0x0000009888600000,0x0000009888700000) (1024K)]
  0x00000281d30bb560 JavaThread "C1 CompilerThread0"         daemon [_thread_in_vm, id=4132, stack(0x0000009888700000,0x0000009888800000) (1024K)]
  0x00000281fc86dd70 JavaThread "Common-Cleaner"             daemon [_thread_blocked, id=27188, stack(0x0000009888800000,0x0000009888900000) (1024K)]
  0x00000281fc86af80 JavaThread "Notification Thread"        daemon [_thread_blocked, id=21476, stack(0x0000009888d00000,0x0000009888e00000) (1024K)]
  0x00000281fc86c330 JavaThread "Active Thread: Equinox Container: 018ff717-4355-4c35-af66-bfc862ba7f35"        [_thread_blocked, id=13716, stack(0x0000009889600000,0x0000009889700000) (1024K)]
  0x00000281fc86bca0 JavaThread "Refresh Thread: Equinox Container: 018ff717-4355-4c35-af66-bfc862ba7f35" daemon [_thread_blocked, id=26392, stack(0x0000009889800000,0x0000009889900000) (1024K)]
  0x00000281d9ed26c0 JavaThread "Framework Event Dispatcher: Equinox Container: 018ff717-4355-4c35-af66-bfc862ba7f35" daemon [_thread_blocked, id=19936, stack(0x0000009889900000,0x0000009889a00000) (1024K)]
  0x00000281d9ed5b40 JavaThread "Start Level: Equinox Container: 018ff717-4355-4c35-af66-bfc862ba7f35" daemon [_thread_blocked, id=29100, stack(0x0000009889a00000,0x0000009889b00000) (1024K)]
  0x00000281d9ed54b0 JavaThread "Bundle File Closer"         daemon [_thread_blocked, id=20664, stack(0x0000009888900000,0x0000009888a00000) (1024K)]
  0x00000281d9ed2d50 JavaThread "SCR Component Actor"        daemon [_thread_blocked, id=13364, stack(0x0000009888e00000,0x0000009888f00000) (1024K)]
  0x00000281d96334a0 JavaThread "C1 CompilerThread1"         daemon [_thread_in_native, id=17160, stack(0x0000009889b00000,0x0000009889c00000) (1024K)]
  0x00000281d953c830 JavaThread "C1 CompilerThread2"         daemon [_thread_in_native, id=248, stack(0x0000009889d00000,0x0000009889e00000) (1024K)]
  0x00000281d9ed33e0 JavaThread "Worker-JM"                         [_thread_blocked, id=27916, stack(0x000000988a100000,0x000000988a200000) (1024K)]
  0x00000281d9ed4e20 JavaThread "JNA Cleaner"                daemon [_thread_blocked, id=16912, stack(0x0000009889c00000,0x0000009889d00000) (1024K)]
  0x00000281d9ed4100 JavaThread "Worker-0: Repository registry initialization"        [_thread_in_vm, id=10172, stack(0x0000009889e00000,0x0000009889f00000) (1024K)]
  0x00000281d96a79c0 JavaThread "Worker-1: Java indexing... "        [_thread_blocked, id=2660, stack(0x000000988a200000,0x000000988a300000) (1024K)]
  0x00000281daa34080 JavaThread "C1 CompilerThread3"         daemon [_thread_in_native, id=16084, stack(0x000000988a500000,0x000000988a600000) (1024K)]
  0x00000281d3261d20 JavaThread "C2 CompilerThread1"         daemon [_thread_in_native, id=27348, stack(0x000000988a300000,0x000000988a400000) (1024K)]
  0x00000281da004040 JavaThread "C2 CompilerThread2"         daemon [_thread_in_native, id=26780, stack(0x000000988a400000,0x000000988a500000) (1024K)]
  0x00000281d96a7330 JavaThread "Java indexing"              daemon [_thread_in_vm, id=27312, stack(0x000000988a600000,0x000000988a700000) (1024K)]
  0x00000281d96a8050 JavaThread "Worker-2: Initialize After Load"        [_thread_in_vm, id=24452, stack(0x000000988a700000,0x000000988a800000) (1024K)]
  0x00000281d96a6ca0 JavaThread "Worker-3"                          [_thread_blocked, id=24808, stack(0x000000988a800000,0x000000988a900000) (1024K)]
  0x00000281dbe66e40 JavaThread "C2 CompilerThread3"         daemon [_thread_in_native, id=17020, stack(0x000000988ab00000,0x000000988ac00000) (1024K)]
  0x00000281d96a86e0 JavaThread "Worker-4"                          [_thread_blocked, id=3428, stack(0x000000988ac00000,0x000000988ad00000) (1024K)]
  0x00000281d96a8d70 JavaThread "Thread-2"                   daemon [_thread_in_native, id=26156, stack(0x000000988ad00000,0x000000988ae00000) (1024K)]
  0x00000281d96a9400 JavaThread "Thread-3"                   daemon [_thread_in_native, id=11828, stack(0x000000988ae00000,0x000000988af00000) (1024K)]
  0x00000281d96a9a90 JavaThread "Thread-4"                   daemon [_thread_in_native, id=21768, stack(0x000000988af00000,0x000000988b000000) (1024K)]
  0x00000281d96a6610 JavaThread "Thread-5"                   daemon [_thread_in_native, id=21424, stack(0x000000988b000000,0x000000988b100000) (1024K)]
  0x00000281d96ad5a0 JavaThread "Thread-6"                   daemon [_thread_in_native, id=5152, stack(0x000000988b100000,0x000000988b200000) (1024K)]
  0x00000281d96ac880 JavaThread "Thread-7"                   daemon [_thread_in_native, id=18580, stack(0x000000988b200000,0x000000988b300000) (1024K)]
  0x00000281d96acf10 JavaThread "Thread-8"                   daemon [_thread_in_native, id=19120, stack(0x000000988b300000,0x000000988b400000) (1024K)]
  0x00000281d96ac1f0 JavaThread "Thread-9"                   daemon [_thread_in_native, id=27608, stack(0x000000988b400000,0x000000988b500000) (1024K)]
  0x00000281d96aa120 JavaThread "Thread-10"                  daemon [_thread_in_native, id=12480, stack(0x000000988b500000,0x000000988b600000) (1024K)]
  0x00000281d96aa7b0 JavaThread "Thread-11"                  daemon [_thread_in_native, id=27332, stack(0x000000988b600000,0x000000988b700000) (1024K)]
  0x00000281d96ab4d0 JavaThread "Thread-12"                  daemon [_thread_in_native, id=12468, stack(0x000000988b700000,0x000000988b800000) (1024K)]
  0x00000281d96adc30 JavaThread "Thread-13"                  daemon [_thread_in_native, id=1164, stack(0x000000988b800000,0x000000988b900000) (1024K)]
  0x00000281d96abb60 JavaThread "Thread-14"                  daemon [_thread_in_native, id=22368, stack(0x000000988b900000,0x000000988ba00000) (1024K)]
  0x00000281d96aae40 JavaThread "Thread-15"                  daemon [_thread_in_native, id=11736, stack(0x000000988ba00000,0x000000988bb00000) (1024K)]
  0x00000281dda86f20 JavaThread "Thread-16"                  daemon [_thread_in_native, id=25304, stack(0x000000988bb00000,0x000000988bc00000) (1024K)]
  0x00000281dda847c0 JavaThread "Thread-17"                  daemon [_thread_in_native, id=27752, stack(0x000000988bc00000,0x000000988bd00000) (1024K)]
  0x00000281dda86200 JavaThread "Thread-18"                  daemon [_thread_in_native, id=21400, stack(0x000000988bd00000,0x000000988be00000) (1024K)]
  0x00000281ddab86e0 JavaThread "C2 CompilerThread4"         daemon [_thread_in_native, id=25272, stack(0x000000988be00000,0x000000988bf00000) (1024K)]
  0x00000281db399200 JavaThread "C2 CompilerThread5"         daemon [_thread_in_native, id=2836, stack(0x000000988bf00000,0x000000988c000000) (1024K)]
  0x00000281dda83aa0 JavaThread "pool-2-thread-1"                   [_thread_blocked, id=22388, stack(0x000000988c000000,0x000000988c100000) (1024K)]
  0x00000281d33795c0 JavaThread "C2 CompilerThread6"         daemon [_thread_in_native, id=11320, stack(0x000000988c100000,0x000000988c200000) (1024K)]
  0x00000281d9bb5f50 JavaThread "C2 CompilerThread7"         daemon [_thread_in_native, id=20248, stack(0x000000988c200000,0x000000988c300000) (1024K)]
  0x00000281dda84130 JavaThread "Worker-5"                          [_thread_blocked, id=17172, stack(0x000000988c300000,0x000000988c400000) (1024K)]
  0x00000281dda875b0 JavaThread "WorkspaceEventsHandler"            [_thread_blocked, id=29376, stack(0x0000009888f00000,0x0000009889000000) (1024K)]
  0x00000281dda87c40 JavaThread "pool-1-thread-1"                   [_thread_in_vm, id=28332, stack(0x000000988c400000,0x000000988c500000) (1024K)]
Total: 56

Other Threads:
  0x00000281ffb92b40 VMThread "VM Thread"                           [id=26280, stack(0x0000009887f00000,0x0000009888000000) (1024K)]
  0x00000281ffa8ca00 WatcherThread "VM Periodic Task Thread"        [id=26164, stack(0x0000009887e00000,0x0000009887f00000) (1024K)]
  0x00000281fc7deea0 WorkerThread "GC Thread#0"                     [id=3624, stack(0x0000009887d00000,0x0000009887e00000) (1024K)]
  0x00000281d98c63d0 WorkerThread "GC Thread#1"                     [id=9464, stack(0x0000009889000000,0x0000009889100000) (1024K)]
  0x00000281d9659050 WorkerThread "GC Thread#2"                     [id=20532, stack(0x0000009889100000,0x0000009889200000) (1024K)]
  0x00000281d90d7ab0 WorkerThread "GC Thread#3"                     [id=20336, stack(0x0000009889200000,0x0000009889300000) (1024K)]
  0x00000281d90d7e50 WorkerThread "GC Thread#4"                     [id=1240, stack(0x0000009889300000,0x0000009889400000) (1024K)]
  0x00000281d90d81f0 WorkerThread "GC Thread#5"                     [id=11056, stack(0x0000009889400000,0x0000009889500000) (1024K)]
  0x00000281d94db010 WorkerThread "GC Thread#6"                     [id=21264, stack(0x0000009889500000,0x0000009889600000) (1024K)]
  0x00000281d9296520 WorkerThread "GC Thread#7"                     [id=23732, stack(0x0000009889700000,0x0000009889800000) (1024K)]
  0x00000281d31b7710 WorkerThread "GC Thread#8"                     [id=14300, stack(0x0000009888a00000,0x0000009888b00000) (1024K)]
  0x00000281d987e750 WorkerThread "GC Thread#9"                     [id=26092, stack(0x0000009888b00000,0x0000009888c00000) (1024K)]
  0x00000281d987f5d0 WorkerThread "GC Thread#10"                    [id=17660, stack(0x0000009888c00000,0x0000009888d00000) (1024K)]
  0x00000281d987f230 WorkerThread "GC Thread#11"                    [id=9648, stack(0x0000009889f00000,0x000000988a000000) (1024K)]
  0x00000281d987e010 WorkerThread "GC Thread#12"                    [id=22992, stack(0x000000988a000000,0x000000988a100000) (1024K)]
Total: 15

Threads with active compile tasks:
C2 CompilerThread0  25337 4769   !   4       org.eclipse.osgi.internal.loader.classpath.ClasspathManager::findClassImpl (343 bytes)
C1 CompilerThread0  25337 6155       3       java.time.LocalDate::atTime (6 bytes)
C1 CompilerThread1  25337 6212       3       java.util.Arrays::compare (109 bytes)
C1 CompilerThread2  25338 6154       3       java.time.format.Parsed::resolveInstant (177 bytes)
C1 CompilerThread3  25338 6153       3       java.time.format.Parsed::resolveFractional (183 bytes)
C2 CompilerThread1  25338 6044       4       org.eclipse.jdt.internal.core.util.Util::splitOn (134 bytes)
C2 CompilerThread2  25338 5091   !   4       org.eclipse.osgi.internal.loader.classpath.ClasspathManager::findLocalClass (210 bytes)
C2 CompilerThread3  25338 5052       4       org.eclipse.osgi.internal.loader.BundleLoader::addExportedProvidersFor (167 bytes)
C2 CompilerThread4  25338 6179       4       org.eclipse.jdt.internal.compiler.util.Util::isClassFileName (82 bytes)
C2 CompilerThread5  25338 6034       4       java.io.BufferedReader::implReadLine (301 bytes)
C2 CompilerThread6  25338 6172       4       java.util.ArrayList::equalsRange (85 bytes)
C2 CompilerThread7  25338 6185       4       java.time.format.DateTimeFormatterBuilder$NumberPrinterParser::parse (609 bytes)
Total: 12

VM state: not at safepoint (normal execution)

VM Mutex/Monitor currently owned by a thread: None

Heap address: 0x00000000c0000000, size: 1024 MB, Compressed Oops mode: 32-bit

CDS archive(s) mapped at: [0x0000028191000000-0x0000028191ba0000-0x0000028191ba0000), size 12189696, SharedBaseAddress: 0x0000028191000000, ArchiveRelocationMode: 1.
Compressed class space mapped at: 0x0000028192000000-0x00000281d2000000, reserved size: 1073741824
Narrow klass base: 0x0000028191000000, Narrow klass shift: 0, Narrow klass range: 0x100000000

GC Precious Log:
 CardTable entry size: 512
 CPUs: 16 total, 16 available
 Memory: 16068M
 Large Page Support: Disabled
 NUMA Support: Disabled
 Compressed Oops: Enabled (32-bit)
 Alignments: Space 512K, Generation 512K, Heap 2M
 Heap Min Capacity: 100M
 Heap Initial Capacity: 100M
 Heap Max Capacity: 1G
 Pre-touch: Disabled
 Parallel Workers: 13

Heap:
 PSYoungGen      total 25088K, used 6252K [0x00000000eab00000, 0x00000000ece00000, 0x0000000100000000)
  eden space 20992K, 18% used [0x00000000eab00000,0x00000000eaec33e0,0x00000000ebf80000)
  from space 4096K, 58% used [0x00000000ebf80000,0x00000000ec1d8010,0x00000000ec380000)
  to   space 3072K, 0% used [0x00000000ecb00000,0x00000000ecb00000,0x00000000ece00000)
 ParOldGen       total 68608K, used 23686K [0x00000000c0000000, 0x00000000c4300000, 0x00000000eab00000)
  object space 68608K, 34% used [0x00000000c0000000,0x00000000c1721b18,0x00000000c4300000)
 Metaspace       used 39858K, committed 41088K, reserved 1114112K
  class space    used 4058K, committed 4608K, reserved 1048576K

Card table byte_map: [0x00000281fc160000,0x00000281fc370000] _byte_map_base: 0x00000281fbb60000

Marking Bits: (ParMarkBitMap*) 0x00007ffc27773260
 Begin Bits: [0x000002818f000000, 0x0000028190000000)
 End Bits:   [0x0000028190000000, 0x0000028191000000)

Polling page: 0x00000281fa5f0000

Metaspace:

Usage:
  Non-class:     34.96 MB used.
      Class:      3.96 MB used.
       Both:     38.92 MB used.

Virtual space:
  Non-class space:       64.00 MB reserved,      35.62 MB ( 56%) committed,  1 nodes.
      Class space:        1.00 GB reserved,       4.50 MB ( <1%) committed,  1 nodes.
             Both:        1.06 GB reserved,      40.12 MB (  4%) committed. 

Chunk freelists:
   Non-Class:  11.64 MB
       Class:  11.45 MB
        Both:  23.09 MB

MaxMetaspaceSize: unlimited
CompressedClassSpaceSize: 1.00 GB
Initial GC threshold: 21.00 MB
Current GC threshold: 58.38 MB
CDS: on
 - commit_granule_bytes: 65536.
 - commit_granule_words: 8192.
 - virtual_space_node_default_size: 8388608.
 - enlarge_chunks_in_place: 1.
 - use_allocation_guard: 0.


Internal statistics:

num_allocs_failed_limit: 6.
num_arena_births: 952.
num_arena_deaths: 14.
num_vsnodes_births: 2.
num_vsnodes_deaths: 0.
num_space_committed: 642.
num_space_uncommitted: 0.
num_chunks_returned_to_freelist: 20.
num_chunks_taken_from_freelist: 2783.
num_chunk_merges: 12.
num_chunk_splits: 1696.
num_chunks_enlarged: 888.
num_inconsistent_stats: 0.

CodeHeap 'non-profiled nmethods': size=119168Kb used=2400Kb max_used=2400Kb free=116767Kb
 bounds [0x0000028187ba0000, 0x0000028187e10000, 0x000002818f000000]
CodeHeap 'profiled nmethods': size=119104Kb used=11798Kb max_used=11798Kb free=107305Kb
 bounds [0x0000028180000000, 0x0000028180b90000, 0x0000028187450000]
CodeHeap 'non-nmethods': size=7488Kb used=3062Kb max_used=3113Kb free=4425Kb
 bounds [0x0000028187450000, 0x0000028187770000, 0x0000028187ba0000]
 total_blobs=6176 nmethods=5504 adapters=575
 compilation: enabled
              stopped_count=0, restarted_count=0
 full_count=0

Compilation events (20 events):
Event: 24.292 Thread 0x00000281d9bb5f50 nmethod 6083 0x0000028187c23e10 code [0x0000028187c23fc0, 0x0000028187c243d0]
Event: 24.293 Thread 0x00000281d30bb560 6122       3       java.time.format.Parsed::<init> (28 bytes)
Event: 24.293 Thread 0x00000281d953c830 6144       3       java.time.format.Parsed::resolveTime (201 bytes)
Event: 24.294 Thread 0x00000281d96334a0 nmethod 6119 0x0000028180b63190 code [0x0000028180b635e0, 0x0000028180b64fc8]
Event: 24.294 Thread 0x00000281d30bb560 nmethod 6122 0x0000028180b65910 code [0x0000028180b65ae0, 0x0000028180b65e10]
Event: 24.295 Thread 0x00000281daa34080 nmethod 6121 0x0000028180b65f90 code [0x0000028180b661c0, 0x0000028180b66c20]
Event: 24.295 Thread 0x00000281d30bb560 6123       3       java.time.format.DateTimeParseContext::getEffectiveChronology (30 bytes)
Event: 24.297 Thread 0x00000281daa34080 6124       3       java.time.format.Parsed::resolve (51 bytes)
Event: 24.297 Thread 0x00000281d953c830 nmethod 6144 0x0000028180b67010 code [0x0000028180b67320, 0x0000028180b67d90]
Event: 24.297 Thread 0x00000281d96334a0 6140       3       java.time.format.Parsed::updateCheckConflict (124 bytes)
Event: 24.298 Thread 0x00000281d30bb560 nmethod 6123 0x0000028180b68410 code [0x0000028180b68600, 0x0000028180b68c20]
Event: 24.299 Thread 0x00000281daa34080 nmethod 6124 0x0000028180b68e90 code [0x0000028180b690c0, 0x0000028180b69540]
Event: 24.299 Thread 0x00000281d9bb5f50 6185       4       java.time.format.DateTimeFormatterBuilder$NumberPrinterParser::parse (609 bytes)
Event: 24.299 Thread 0x00000281d30bb560 6128       3       java.time.format.Parsed::resolveFields (359 bytes)
Event: 24.300 Thread 0x00000281d953c830 6129       3       java.time.format.Parsed::resolveInstantFields (67 bytes)
Event: 24.300 Thread 0x00000281daa34080 6130       3       java.time.format.Parsed::resolveDateFields (22 bytes)
Event: 24.301 Thread 0x00000281daa34080 nmethod 6130 0x0000028180b69710 code [0x0000028180b698e0, 0x0000028180b69c70]
Event: 24.301 Thread 0x00000281d953c830 nmethod 6129 0x0000028180b69e10 code [0x0000028180b6a020, 0x0000028180b6a5a8]
Event: 24.302 Thread 0x00000281daa34080 6131       3       java.time.chrono.IsoChronology::resolveDate (7 bytes)
Event: 24.302 Thread 0x00000281d953c830 6132       3       java.time.chrono.IsoChronology::resolveDate (10 bytes)

GC Heap History (20 events):
Event: 18.700 GC heap after
{Heap after GC invocations=9 (full 1):
 PSYoungGen      total 25088K, used 914K [0x00000000eab00000, 0x00000000ec980000, 0x0000000100000000)
  eden space 24064K, 0% used [0x00000000eab00000,0x00000000eab00000,0x00000000ec280000)
  from space 1024K, 89% used [0x00000000ec880000,0x00000000ec964878,0x00000000ec980000)
  to   space 2560K, 0% used [0x00000000ec480000,0x00000000ec480000,0x00000000ec700000)
 ParOldGen       total 68608K, used 12825K [0x00000000c0000000, 0x00000000c4300000, 0x00000000eab00000)
  object space 68608K, 18% used [0x00000000c0000000,0x00000000c0c86598,0x00000000c4300000)
 Metaspace       used 22737K, committed 23744K, reserved 1114112K
  class space    used 2262K, committed 2688K, reserved 1048576K
}
Event: 19.150 GC heap before
{Heap before GC invocations=10 (full 1):
 PSYoungGen      total 25088K, used 24978K [0x00000000eab00000, 0x00000000ec980000, 0x0000000100000000)
  eden space 24064K, 100% used [0x00000000eab00000,0x00000000ec280000,0x00000000ec280000)
  from space 1024K, 89% used [0x00000000ec880000,0x00000000ec964878,0x00000000ec980000)
  to   space 2560K, 0% used [0x00000000ec480000,0x00000000ec480000,0x00000000ec700000)
 ParOldGen       total 68608K, used 12825K [0x00000000c0000000, 0x00000000c4300000, 0x00000000eab00000)
  object space 68608K, 18% used [0x00000000c0000000,0x00000000c0c86598,0x00000000c4300000)
 Metaspace       used 26400K, committed 27392K, reserved 1114112K
  class space    used 2525K, committed 2944K, reserved 1048576K
}
Event: 19.151 GC heap after
{Heap after GC invocations=10 (full 1):
 PSYoungGen      total 26112K, used 1183K [0x00000000eab00000, 0x00000000ec900000, 0x0000000100000000)
  eden space 23552K, 0% used [0x00000000eab00000,0x00000000eab00000,0x00000000ec200000)
  from space 2560K, 46% used [0x00000000ec480000,0x00000000ec5a7fa0,0x00000000ec700000)
  to   space 1536K, 0% used [0x00000000ec780000,0x00000000ec780000,0x00000000ec900000)
 ParOldGen       total 68608K, used 12825K [0x00000000c0000000, 0x00000000c4300000, 0x00000000eab00000)
  object space 68608K, 18% used [0x00000000c0000000,0x00000000c0c86598,0x00000000c4300000)
 Metaspace       used 26400K, committed 27392K, reserved 1114112K
  class space    used 2525K, committed 2944K, reserved 1048576K
}
Event: 19.484 GC heap before
{Heap before GC invocations=11 (full 1):
 PSYoungGen      total 26112K, used 24735K [0x00000000eab00000, 0x00000000ec900000, 0x0000000100000000)
  eden space 23552K, 100% used [0x00000000eab00000,0x00000000ec200000,0x00000000ec200000)
  from space 2560K, 46% used [0x00000000ec480000,0x00000000ec5a7fa0,0x00000000ec700000)
  to   space 1536K, 0% used [0x00000000ec780000,0x00000000ec780000,0x00000000ec900000)
 ParOldGen       total 68608K, used 12825K [0x00000000c0000000, 0x00000000c4300000, 0x00000000eab00000)
  object space 68608K, 18% used [0x00000000c0000000,0x00000000c0c86598,0x00000000c4300000)
 Metaspace       used 28003K, committed 28992K, reserved 1114112K
  class space    used 2644K, committed 3072K, reserved 1048576K
}
Event: 19.487 GC heap after
{Heap after GC invocations=11 (full 1):
 PSYoungGen      total 24576K, used 1526K [0x00000000eab00000, 0x00000000ec980000, 0x0000000100000000)
  eden space 23040K, 0% used [0x00000000eab00000,0x00000000eab00000,0x00000000ec180000)
  from space 1536K, 99% used [0x00000000ec780000,0x00000000ec8fda10,0x00000000ec900000)
  to   space 4096K, 0% used [0x00000000ec180000,0x00000000ec180000,0x00000000ec580000)
 ParOldGen       total 68608K, used 14571K [0x00000000c0000000, 0x00000000c4300000, 0x00000000eab00000)
  object space 68608K, 21% used [0x00000000c0000000,0x00000000c0e3afa8,0x00000000c4300000)
 Metaspace       used 28003K, committed 28992K, reserved 1114112K
  class space    used 2644K, committed 3072K, reserved 1048576K
}
Event: 20.028 GC heap before
{Heap before GC invocations=12 (full 1):
 PSYoungGen      total 24576K, used 24566K [0x00000000eab00000, 0x00000000ec980000, 0x0000000100000000)
  eden space 23040K, 99% used [0x00000000eab00000,0x00000000ec17ffe0,0x00000000ec180000)
  from space 1536K, 99% used [0x00000000ec780000,0x00000000ec8fda10,0x00000000ec900000)
  to   space 4096K, 0% used [0x00000000ec180000,0x00000000ec180000,0x00000000ec580000)
 ParOldGen       total 68608K, used 14571K [0x00000000c0000000, 0x00000000c4300000, 0x00000000eab00000)
  object space 68608K, 21% used [0x00000000c0000000,0x00000000c0e3afa8,0x00000000c4300000)
 Metaspace       used 31554K, committed 32640K, reserved 1114112K
  class space    used 3072K, committed 3520K, reserved 1048576K
}
Event: 20.031 GC heap after
{Heap after GC invocations=12 (full 1):
 PSYoungGen      total 26624K, used 1465K [0x00000000eab00000, 0x00000000ec800000, 0x0000000100000000)
  eden space 22528K, 0% used [0x00000000eab00000,0x00000000eab00000,0x00000000ec100000)
  from space 4096K, 35% used [0x00000000ec180000,0x00000000ec2ee480,0x00000000ec580000)
  to   space 2560K, 0% used [0x00000000ec580000,0x00000000ec580000,0x00000000ec800000)
 ParOldGen       total 68608K, used 15925K [0x00000000c0000000, 0x00000000c4300000, 0x00000000eab00000)
  object space 68608K, 23% used [0x00000000c0000000,0x00000000c0f8d570,0x00000000c4300000)
 Metaspace       used 31554K, committed 32640K, reserved 1114112K
  class space    used 3072K, committed 3520K, reserved 1048576K
}
Event: 20.333 GC heap before
{Heap before GC invocations=13 (full 1):
 PSYoungGen      total 26624K, used 23993K [0x00000000eab00000, 0x00000000ec800000, 0x0000000100000000)
  eden space 22528K, 100% used [0x00000000eab00000,0x00000000ec100000,0x00000000ec100000)
  from space 4096K, 35% used [0x00000000ec180000,0x00000000ec2ee480,0x00000000ec580000)
  to   space 2560K, 0% used [0x00000000ec580000,0x00000000ec580000,0x00000000ec800000)
 ParOldGen       total 68608K, used 15925K [0x00000000c0000000, 0x00000000c4300000, 0x00000000eab00000)
  object space 68608K, 23% used [0x00000000c0000000,0x00000000c0f8d570,0x00000000c4300000)
 Metaspace       used 34373K, committed 35520K, reserved 1114112K
  class space    used 3420K, committed 3904K, reserved 1048576K
}
Event: 20.339 GC heap after
{Heap after GC invocations=13 (full 1):
 PSYoungGen      total 24064K, used 1924K [0x00000000eab00000, 0x00000000ec780000, 0x0000000100000000)
  eden space 22016K, 0% used [0x00000000eab00000,0x00000000eab00000,0x00000000ec080000)
  from space 2048K, 93% used [0x00000000ec580000,0x00000000ec761130,0x00000000ec780000)
  to   space 2048K, 0% used [0x00000000ec380000,0x00000000ec380000,0x00000000ec580000)
 ParOldGen       total 68608K, used 17126K [0x00000000c0000000, 0x00000000c4300000, 0x00000000eab00000)
  object space 68608K, 24% used [0x00000000c0000000,0x00000000c10b9aa0,0x00000000c4300000)
 Metaspace       used 34373K, committed 35520K, reserved 1114112K
  class space    used 3420K, committed 3904K, reserved 1048576K
}
Event: 20.399 GC heap before
{Heap before GC invocations=14 (full 1):
 PSYoungGen      total 24064K, used 5158K [0x00000000eab00000, 0x00000000ec780000, 0x0000000100000000)
  eden space 22016K, 14% used [0x00000000eab00000,0x00000000eae28788,0x00000000ec080000)
  from space 2048K, 93% used [0x00000000ec580000,0x00000000ec761130,0x00000000ec780000)
  to   space 2048K, 0% used [0x00000000ec380000,0x00000000ec380000,0x00000000ec580000)
 ParOldGen       total 68608K, used 17126K [0x00000000c0000000, 0x00000000c4300000, 0x00000000eab00000)
  object space 68608K, 24% used [0x00000000c0000000,0x00000000c10b9aa0,0x00000000c4300000)
 Metaspace       used 34723K, committed 35840K, reserved 1114112K
  class space    used 3458K, committed 3904K, reserved 1048576K
}
Event: 20.402 GC heap after
{Heap after GC invocations=14 (full 1):
 PSYoungGen      total 22528K, used 416K [0x00000000eab00000, 0x00000000ec600000, 0x0000000100000000)
  eden space 22016K, 0% used [0x00000000eab00000,0x00000000eab00000,0x00000000ec080000)
  from space 512K, 81% used [0x00000000ec380000,0x00000000ec3e8020,0x00000000ec400000)
  to   space 1024K, 0% used [0x00000000ec500000,0x00000000ec500000,0x00000000ec600000)
 ParOldGen       total 68608K, used 18747K [0x00000000c0000000, 0x00000000c4300000, 0x00000000eab00000)
  object space 68608K, 27% used [0x00000000c0000000,0x00000000c124eeb8,0x00000000c4300000)
 Metaspace       used 34723K, committed 35840K, reserved 1114112K
  class space    used 3458K, committed 3904K, reserved 1048576K
}
Event: 20.402 GC heap before
{Heap before GC invocations=15 (full 2):
 PSYoungGen      total 22528K, used 416K [0x00000000eab00000, 0x00000000ec600000, 0x0000000100000000)
  eden space 22016K, 0% used [0x00000000eab00000,0x00000000eab00000,0x00000000ec080000)
  from space 512K, 81% used [0x00000000ec380000,0x00000000ec3e8020,0x00000000ec400000)
  to   space 1024K, 0% used [0x00000000ec500000,0x00000000ec500000,0x00000000ec600000)
 ParOldGen       total 68608K, used 18747K [0x00000000c0000000, 0x00000000c4300000, 0x00000000eab00000)
  object space 68608K, 27% used [0x00000000c0000000,0x00000000c124eeb8,0x00000000c4300000)
 Metaspace       used 34723K, committed 35840K, reserved 1114112K
  class space    used 3458K, committed 3904K, reserved 1048576K
}
Event: 20.441 GC heap after
{Heap after GC invocations=15 (full 2):
 PSYoungGen      total 22528K, used 0K [0x00000000eab00000, 0x00000000ec600000, 0x0000000100000000)
  eden space 22016K, 0% used [0x00000000eab00000,0x00000000eab00000,0x00000000ec080000)
  from space 512K, 0% used [0x00000000ec380000,0x00000000ec380000,0x00000000ec400000)
  to   space 1024K, 0% used [0x00000000ec500000,0x00000000ec500000,0x00000000ec600000)
 ParOldGen       total 68608K, used 18198K [0x00000000c0000000, 0x00000000c4300000, 0x00000000eab00000)
  object space 68608K, 26% used [0x00000000c0000000,0x00000000c11c5b98,0x00000000c4300000)
 Metaspace       used 34723K, committed 35840K, reserved 1114112K
  class space    used 3458K, committed 3904K, reserved 1048576K
}
Event: 21.138 GC heap before
{Heap before GC invocations=16 (full 2):
 PSYoungGen      total 22528K, used 22016K [0x00000000eab00000, 0x00000000ec600000, 0x0000000100000000)
  eden space 22016K, 100% used [0x00000000eab00000,0x00000000ec080000,0x00000000ec080000)
  from space 512K, 0% used [0x00000000ec380000,0x00000000ec380000,0x00000000ec400000)
  to   space 1024K, 0% used [0x00000000ec500000,0x00000000ec500000,0x00000000ec600000)
 ParOldGen       total 68608K, used 18198K [0x00000000c0000000, 0x00000000c4300000, 0x00000000eab00000)
  object space 68608K, 26% used [0x00000000c0000000,0x00000000c11c5b98,0x00000000c4300000)
 Metaspace       used 36352K, committed 37504K, reserved 1114112K
  class space    used 3672K, committed 4160K, reserved 1048576K
}
Event: 21.142 GC heap after
{Heap after GC invocations=16 (full 2):
 PSYoungGen      total 23040K, used 1024K [0x00000000eab00000, 0x00000000ec600000, 0x0000000100000000)
  eden space 22016K, 0% used [0x00000000eab00000,0x00000000eab00000,0x00000000ec080000)
  from space 1024K, 100% used [0x00000000ec500000,0x00000000ec600000,0x00000000ec600000)
  to   space 2560K, 0% used [0x00000000ec100000,0x00000000ec100000,0x00000000ec380000)
 ParOldGen       total 68608K, used 19074K [0x00000000c0000000, 0x00000000c4300000, 0x00000000eab00000)
  object space 68608K, 27% used [0x00000000c0000000,0x00000000c12a0998,0x00000000c4300000)
 Metaspace       used 36352K, committed 37504K, reserved 1114112K
  class space    used 3672K, committed 4160K, reserved 1048576K
}
Event: 23.825 GC heap before
{Heap before GC invocations=17 (full 2):
 PSYoungGen      total 23040K, used 23040K [0x00000000eab00000, 0x00000000ec600000, 0x0000000100000000)
  eden space 22016K, 100% used [0x00000000eab00000,0x00000000ec080000,0x00000000ec080000)
  from space 1024K, 100% used [0x00000000ec500000,0x00000000ec600000,0x00000000ec600000)
  to   space 2560K, 0% used [0x00000000ec100000,0x00000000ec100000,0x00000000ec380000)
 ParOldGen       total 68608K, used 19074K [0x00000000c0000000, 0x00000000c4300000, 0x00000000eab00000)
  object space 68608K, 27% used [0x00000000c0000000,0x00000000c12a0998,0x00000000c4300000)
 Metaspace       used 38310K, committed 39552K, reserved 1114112K
  class space    used 3897K, committed 4480K, reserved 1048576K
}
Event: 23.831 GC heap after
{Heap after GC invocations=17 (full 2):
 PSYoungGen      total 24576K, used 1709K [0x00000000eab00000, 0x00000000ec580000, 0x0000000100000000)
  eden space 22016K, 0% used [0x00000000eab00000,0x00000000eab00000,0x00000000ec080000)
  from space 2560K, 66% used [0x00000000ec100000,0x00000000ec2ab510,0x00000000ec380000)
  to   space 2048K, 0% used [0x00000000ec380000,0x00000000ec380000,0x00000000ec580000)
 ParOldGen       total 68608K, used 20099K [0x00000000c0000000, 0x00000000c4300000, 0x00000000eab00000)
  object space 68608K, 29% used [0x00000000c0000000,0x00000000c13a0f40,0x00000000c4300000)
 Metaspace       used 38310K, committed 39552K, reserved 1114112K
  class space    used 3897K, committed 4480K, reserved 1048576K
}
Event: 24.206 GC heap before
{Heap before GC invocations=18 (full 2):
 PSYoungGen      total 24576K, used 23725K [0x00000000eab00000, 0x00000000ec580000, 0x0000000100000000)
  eden space 22016K, 100% used [0x00000000eab00000,0x00000000ec080000,0x00000000ec080000)
  from space 2560K, 66% used [0x00000000ec100000,0x00000000ec2ab510,0x00000000ec380000)
  to   space 2048K, 0% used [0x00000000ec380000,0x00000000ec380000,0x00000000ec580000)
 ParOldGen       total 68608K, used 20099K [0x00000000c0000000, 0x00000000c4300000, 0x00000000eab00000)
  object space 68608K, 29% used [0x00000000c0000000,0x00000000c13a0f40,0x00000000c4300000)
 Metaspace       used 39550K, committed 40832K, reserved 1114112K
  class space    used 4015K, committed 4608K, reserved 1048576K
}
Event: 24.211 GC heap after
{Heap after GC invocations=18 (full 2):
 PSYoungGen      total 23040K, used 2024K [0x00000000eab00000, 0x00000000ec880000, 0x0000000100000000)
  eden space 20992K, 0% used [0x00000000eab00000,0x00000000eab00000,0x00000000ebf80000)
  from space 2048K, 98% used [0x00000000ec380000,0x00000000ec57a230,0x00000000ec580000)
  to   space 4096K, 0% used [0x00000000ebf80000,0x00000000ebf80000,0x00000000ec380000)
 ParOldGen       total 68608K, used 21790K [0x00000000c0000000, 0x00000000c4300000, 0x00000000eab00000)
  object space 68608K, 31% used [0x00000000c0000000,0x00000000c1547a98,0x00000000c4300000)
 Metaspace       used 39550K, committed 40832K, reserved 1114112K
  class space    used 4015K, committed 4608K, reserved 1048576K
}
Event: 24.313 GC heap before
{Heap before GC invocations=19 (full 2):
 PSYoungGen      total 23040K, used 23016K [0x00000000eab00000, 0x00000000ec880000, 0x0000000100000000)
  eden space 20992K, 100% used [0x00000000eab00000,0x00000000ebf80000,0x00000000ebf80000)
  from space 2048K, 98% used [0x00000000ec380000,0x00000000ec57a230,0x00000000ec580000)
  to   space 4096K, 0% used [0x00000000ebf80000,0x00000000ebf80000,0x00000000ec380000)
 ParOldGen       total 68608K, used 21790K [0x00000000c0000000, 0x00000000c4300000, 0x00000000eab00000)
  object space 68608K, 31% used [0x00000000c0000000,0x00000000c1547a98,0x00000000c4300000)
 Metaspace       used 39755K, committed 41024K, reserved 1114112K
  class space    used 4048K, committed 4608K, reserved 1048576K
}

Dll operation events (10 events):
Event: 0.018 Loaded shared library c:\Users\Janhvi\.vscode\extensions\redhat.java-1.41.0-win32-x64\jre\21.0.6-win32-x86_64\bin\java.dll
Event: 0.181 Loaded shared library c:\Users\Janhvi\.vscode\extensions\redhat.java-1.41.0-win32-x64\jre\21.0.6-win32-x86_64\bin\zip.dll
Event: 0.214 Loaded shared library C:\Users\Janhvi\.vscode\extensions\redhat.java-1.41.0-win32-x64\jre\21.0.6-win32-x86_64\bin\instrument.dll
Event: 0.220 Loaded shared library C:\Users\Janhvi\.vscode\extensions\redhat.java-1.41.0-win32-x64\jre\21.0.6-win32-x86_64\bin\net.dll
Event: 0.224 Loaded shared library C:\Users\Janhvi\.vscode\extensions\redhat.java-1.41.0-win32-x64\jre\21.0.6-win32-x86_64\bin\nio.dll
Event: 0.228 Loaded shared library C:\Users\Janhvi\.vscode\extensions\redhat.java-1.41.0-win32-x64\jre\21.0.6-win32-x86_64\bin\zip.dll
Event: 0.253 Loaded shared library C:\Users\Janhvi\.vscode\extensions\redhat.java-1.41.0-win32-x64\jre\21.0.6-win32-x86_64\bin\jimage.dll
Event: 0.377 Loaded shared library c:\Users\Janhvi\.vscode\extensions\redhat.java-1.41.0-win32-x64\jre\21.0.6-win32-x86_64\bin\verify.dll
Event: 2.477 Loaded shared library C:\Users\Janhvi\AppData\Roaming\Code\User\globalStorage\redhat.java\1.41.0\config_win\org.eclipse.equinox.launcher\org.eclipse.equinox.launcher.win32.win32.x86_64_1.2.1300.v20250325-0811\eclipse_11911.dll
Event: 16.150 Loaded shared library C:\Users\Janhvi\AppData\Local\Temp\jna--2083447868\jna5399505973887303666.dll

Deoptimization events (20 events):
Event: 24.041 Thread 0x00000281d96a7330 Uncommon trap: trap_request=0xffffff45 fr.pc=0x0000028187c1b6e0 relative=0x00000000000001a0
Event: 24.041 Thread 0x00000281d96a7330 Uncommon trap: reason=unstable_if action=reinterpret pc=0x0000028187c1b6e0 method=jdk.internal.jrtfs.JrtPath.normalize(Ljava/lang/String;)Ljava/lang/String; @ 78 c2
Event: 24.042 Thread 0x00000281d96a7330 DEOPT PACKING pc=0x0000028187c1b6e0 sp=0x000000988a6fe980
Event: 24.042 Thread 0x00000281d96a7330 DEOPT UNPACKING pc=0x00000281874a3aa2 sp=0x000000988a6fe900 mode 2
Event: 24.066 Thread 0x00000281fa2bc560 Uncommon trap: trap_request=0xffffff45 fr.pc=0x0000028187d0efa8 relative=0x00000000000000e8
Event: 24.067 Thread 0x00000281fa2bc560 Uncommon trap: reason=unstable_if action=reinterpret pc=0x0000028187d0efa8 method=java.lang.CharacterDataLatin1.digit(II)I @ 7 c2
Event: 24.067 Thread 0x00000281fa2bc560 DEOPT PACKING pc=0x0000028187d0efa8 sp=0x0000009887cfe8c0
Event: 24.067 Thread 0x00000281fa2bc560 DEOPT UNPACKING pc=0x00000281874a3aa2 sp=0x0000009887cfe780 mode 2
Event: 24.068 Thread 0x00000281fa2bc560 Uncommon trap: trap_request=0xffffff45 fr.pc=0x0000028187bdb048 relative=0x00000000000000a8
Event: 24.068 Thread 0x00000281fa2bc560 Uncommon trap: reason=unstable_if action=reinterpret pc=0x0000028187bdb048 method=java.lang.CharacterDataLatin1.digit(II)I @ 7 c2
Event: 24.069 Thread 0x00000281fa2bc560 DEOPT PACKING pc=0x0000028187bdb048 sp=0x0000009887cfe810
Event: 24.069 Thread 0x00000281fa2bc560 DEOPT UNPACKING pc=0x00000281874a3aa2 sp=0x0000009887cfe790 mode 2
Event: 24.121 Thread 0x00000281dda87c40 Uncommon trap: trap_request=0xffffff45 fr.pc=0x0000028187c19088 relative=0x0000000000001428
Event: 24.121 Thread 0x00000281dda87c40 Uncommon trap: reason=unstable_if action=reinterpret pc=0x0000028187c19088 method=com.google.gson.stream.JsonReader.nextQuotedValue(C)Ljava/lang/String; @ 120 c2
Event: 24.122 Thread 0x00000281dda87c40 DEOPT PACKING pc=0x0000028187c19088 sp=0x000000988c4fe430
Event: 24.122 Thread 0x00000281dda87c40 DEOPT UNPACKING pc=0x00000281874a3aa2 sp=0x000000988c4fe428 mode 2
Event: 24.140 Thread 0x00000281d96a7330 Uncommon trap: trap_request=0xffffff45 fr.pc=0x0000028187d64b1c relative=0x000000000000007c
Event: 24.140 Thread 0x00000281d96a7330 Uncommon trap: reason=unstable_if action=reinterpret pc=0x0000028187d64b1c method=java.lang.invoke.LambdaForm$BasicType.basicType(C)Ljava/lang/invoke/LambdaForm$BasicType; @ 1 c2
Event: 24.141 Thread 0x00000281d96a7330 DEOPT PACKING pc=0x0000028187d64b1c sp=0x000000988a6fd820
Event: 24.141 Thread 0x00000281d96a7330 DEOPT UNPACKING pc=0x00000281874a3aa2 sp=0x000000988a6fd7b8 mode 2

Classes loaded (20 events):
Event: 24.065 Loading class java/text/CalendarBuilder
Event: 24.065 Loading class java/text/CalendarBuilder done
Event: 24.069 Loading class sun/util/locale/provider/CalendarDataUtility$CalendarFieldValueNamesMapGetter
Event: 24.070 Loading class sun/util/locale/provider/CalendarDataUtility$CalendarFieldValueNamesMapGetter done
Event: 24.073 Loading class sun/util/cldr/CLDRCalendarNameProviderImpl
Event: 24.073 Loading class sun/util/locale/provider/CalendarNameProviderImpl
Event: 24.073 Loading class sun/util/locale/provider/CalendarNameProviderImpl done
Event: 24.073 Loading class sun/util/cldr/CLDRCalendarNameProviderImpl done
Event: 24.077 Loading class sun/util/locale/provider/CalendarNameProviderImpl$LengthBasedComparator
Event: 24.078 Loading class sun/util/locale/provider/CalendarNameProviderImpl$LengthBasedComparator done
Event: 24.114 Loading class java/time/format/DateTimeParseContext
Event: 24.115 Loading class java/time/format/DateTimeParseContext done
Event: 24.115 Loading class java/time/format/Parsed
Event: 24.116 Loading class java/time/format/Parsed done
Event: 24.128 Loading class java/nio/channels/Channels$ReadableByteChannelImpl
Event: 24.128 Loading class java/nio/channels/Channels$ReadableByteChannelImpl done
Event: 24.138 Loading class java/nio/channels/NonWritableChannelException
Event: 24.138 Loading class java/nio/channels/NonWritableChannelException done
Event: 24.274 Loading class sun/reflect/generics/repository/FieldRepository
Event: 24.275 Loading class sun/reflect/generics/repository/FieldRepository done

Classes unloaded (7 events):
Event: 18.268 Thread 0x00000281ffb92b40 Unloading class 0x00000281921a2400 'java/lang/invoke/LambdaForm$MH+0x00000281921a2400'
Event: 18.268 Thread 0x00000281ffb92b40 Unloading class 0x00000281921a2000 'java/lang/invoke/LambdaForm$MH+0x00000281921a2000'
Event: 18.268 Thread 0x00000281ffb92b40 Unloading class 0x00000281921a1c00 'java/lang/invoke/LambdaForm$MH+0x00000281921a1c00'
Event: 18.268 Thread 0x00000281ffb92b40 Unloading class 0x00000281921a1800 'java/lang/invoke/LambdaForm$MH+0x00000281921a1800'
Event: 18.268 Thread 0x00000281ffb92b40 Unloading class 0x00000281921a1400 'java/lang/invoke/LambdaForm$BMH+0x00000281921a1400'
Event: 18.268 Thread 0x00000281ffb92b40 Unloading class 0x00000281921a1000 'java/lang/invoke/LambdaForm$DMH+0x00000281921a1000'
Event: 18.268 Thread 0x00000281ffb92b40 Unloading class 0x000002819219fc00 'java/lang/invoke/LambdaForm$DMH+0x000002819219fc00'

Classes redefined (0 events):
No events

Internal exceptions (20 events):
Event: 20.877 Thread 0x00000281d96a8050 Exception <a 'sun/nio/fs/WindowsException'{0x00000000ebc7c5e0}> (0x00000000ebc7c5e0) 
thrown [s\src\hotspot\share\prims\jni.cpp, line 520]
Event: 20.885 Thread 0x00000281d96a8050 Exception <a 'sun/nio/fs/WindowsException'{0x00000000ebc85ac0}> (0x00000000ebc85ac0) 
thrown [s\src\hotspot\share\prims\jni.cpp, line 520]
Event: 20.885 Thread 0x00000281d96a8050 Exception <a 'sun/nio/fs/WindowsException'{0x00000000ebc86110}> (0x00000000ebc86110) 
thrown [s\src\hotspot\share\prims\jni.cpp, line 520]
Event: 20.951 Thread 0x00000281d96a8050 Exception <a 'sun/nio/fs/WindowsException'{0x00000000ebd94cf8}> (0x00000000ebd94cf8) 
thrown [s\src\hotspot\share\prims\jni.cpp, line 520]
Event: 20.952 Thread 0x00000281d96a8050 Exception <a 'sun/nio/fs/WindowsException'{0x00000000ebd95348}> (0x00000000ebd95348) 
thrown [s\src\hotspot\share\prims\jni.cpp, line 520]
Event: 21.041 Thread 0x00000281d96a8050 Exception <a 'java/io/FileNotFoundException'{0x00000000ebf10460}> (0x00000000ebf10460) 
thrown [s\src\hotspot\share\prims\jni.cpp, line 520]
Event: 21.106 Thread 0x00000281d96a8050 Exception <a 'sun/nio/fs/WindowsException'{0x00000000ec02dc00}> (0x00000000ec02dc00) 
thrown [s\src\hotspot\share\prims\jni.cpp, line 520]
Event: 23.490 Thread 0x00000281d96a8050 Exception <a 'sun/nio/fs/WindowsException'{0x00000000eb788c28}> (0x00000000eb788c28) 
thrown [s\src\hotspot\share\prims\jni.cpp, line 520]
Event: 23.490 Thread 0x00000281d96a8050 Exception <a 'sun/nio/fs/WindowsException'{0x00000000eb789528}> (0x00000000eb789528) 
thrown [s\src\hotspot\share\prims\jni.cpp, line 520]
Event: 23.602 Thread 0x00000281d96a7330 Implicit null exception at 0x0000028187d6aff7 to 0x0000028187d6b268
Event: 23.604 Thread 0x00000281d96a7330 Exception <a 'java/lang/NoSuchMethodError'{0x00000000ebb0cde8}: 'java.lang.Object java.lang.invoke.DelegatingMethodHandle$Holder.reinvoke_L(java.lang.Object, int, long, java.lang.Object, java.lang.Object, int, java.lang.Object)'> (0x00000000ebb0cde8) 
thrown [s\src\hotspot\share\interpreter\linkResolver.cpp, line 773]
Event: 23.869 Thread 0x00000281fa2bc560 Exception <a 'java/lang/NoSuchMethodError'{0x00000000eacc5420}: 'void java.lang.invoke.DirectMethodHandle$Holder.invokeSpecial(java.lang.Object, java.lang.Object, java.lang.Object, java.lang.Object, java.lang.Object, java.lang.Object)'> (0x00000000eacc5420) 
thrown [s\src\hotspot\share\interpreter\linkResolver.cpp, line 773]
Event: 23.874 Thread 0x00000281fa2bc560 Exception <a 'java/lang/IncompatibleClassChangeError'{0x00000000eaceaba0}: Found class java.lang.Object, but interface was expected> (0x00000000eaceaba0) 
thrown [s\src\hotspot\share\interpreter\linkResolver.cpp, line 840]
Event: 23.876 Thread 0x00000281fa2bc560 Exception <a 'java/lang/IncompatibleClassChangeError'{0x00000000eacec8c0}: Found class java.lang.Object, but interface was expected> (0x00000000eacec8c0) 
thrown [s\src\hotspot\share\interpreter\linkResolver.cpp, line 840]
Event: 24.270 Thread 0x00000281d96a7330 Exception <a 'java/io/FileNotFoundException'{0x00000000eb36da00}> (0x00000000eb36da00) 
thrown [s\src\hotspot\share\prims\jni.cpp, line 520]
Event: 24.270 Thread 0x00000281d96a7330 Exception <a 'java/io/FileNotFoundException'{0x00000000eb36ec70}> (0x00000000eb36ec70) 
thrown [s\src\hotspot\share\prims\jni.cpp, line 520]
Event: 24.279 Thread 0x00000281d96a7330 Exception <a 'java/lang/NoSuchMethodError'{0x00000000eb6122b8}: 'java.lang.Object java.lang.invoke.DirectMethodHandle$Holder.newInvokeSpecial(java.lang.Object, java.lang.Object, java.lang.Object, int)'> (0x00000000eb6122b8) 
thrown [s\src\hotspot\share\interpreter\linkResolver.cpp, line 773]
Event: 24.282 Thread 0x00000281d96a7330 Exception <a 'java/lang/NoSuchMethodError'{0x00000000eb615f70}: 'java.lang.Object java.lang.invoke.DirectMethodHandle$Holder.invokeSpecial(java.lang.Object, java.lang.Object, java.lang.Object, java.lang.Object, int)'> (0x00000000eb615f70) 
thrown [s\src\hotspot\share\interpreter\linkResolver.cpp, line 773]
Event: 24.284 Thread 0x00000281d96a7330 Exception <a 'java/lang/NoSuchMethodError'{0x00000000eb619418}: 'java.lang.Object java.lang.invoke.Invokers$Holder.linkToTargetMethod(java.lang.Object, java.lang.Object, int, java.lang.Object)'> (0x00000000eb619418) 
thrown [s\src\hotspot\share\interpreter\linkResolver.cpp, line 773]
Event: 24.293 Thread 0x00000281d96a7330 Exception <a 'java/lang/NoSuchMethodError'{0x00000000eb859670}: 'void java.lang.invoke.DirectMethodHandle$Holder.invokeStaticInit(java.lang.Object, java.lang.Object, java.lang.Object)'> (0x00000000eb859670) 
thrown [s\src\hotspot\share\interpreter\linkResolver.cpp, line 773]

ZGC Phase Switch (0 events):
No events

VM Operations (20 events):
Event: 20.442 Executing VM operation: CollectForMetadataAllocation (Metadata GC Threshold) done
Event: 21.123 Executing VM operation: ParallelGCFailedAllocation (Allocation Failure)
Event: 21.142 Executing VM operation: ParallelGCFailedAllocation (Allocation Failure) done
Event: 21.431 Executing VM operation: HandshakeAllThreads (Deoptimize)
Event: 21.446 Executing VM operation: HandshakeAllThreads (Deoptimize) done
Event: 22.448 Executing VM operation: Cleanup
Event: 22.496 Executing VM operation: Cleanup done
Event: 23.498 Executing VM operation: Cleanup
Event: 23.514 Executing VM operation: Cleanup done
Event: 23.732 Executing VM operation: HandshakeAllThreads (Deoptimize)
Event: 23.746 Executing VM operation: HandshakeAllThreads (Deoptimize) done
Event: 23.748 Executing VM operation: HandshakeAllThreads (Deoptimize)
Event: 23.762 Executing VM operation: HandshakeAllThreads (Deoptimize) done
Event: 23.810 Executing VM operation: ParallelGCFailedAllocation (Allocation Failure)
Event: 23.831 Executing VM operation: ParallelGCFailedAllocation (Allocation Failure) done
Event: 23.910 Executing VM operation: HandshakeAllThreads (Deoptimize)
Event: 23.921 Executing VM operation: HandshakeAllThreads (Deoptimize) done
Event: 24.190 Executing VM operation: ParallelGCFailedAllocation (Allocation Failure)
Event: 24.211 Executing VM operation: ParallelGCFailedAllocation (Allocation Failure) done
Event: 24.313 Executing VM operation: ParallelGCFailedAllocation (Allocation Failure)

Memory protections (0 events):
No events

Nmethod flushes (20 events):
Event: 20.424 Thread 0x00000281ffb92b40 flushing  nmethod 0x0000028180740d10
Event: 20.424 Thread 0x00000281ffb92b40 flushing  nmethod 0x0000028180741f10
Event: 20.424 Thread 0x00000281ffb92b40 flushing  nmethod 0x0000028180742710
Event: 20.424 Thread 0x00000281ffb92b40 flushing  nmethod 0x0000028180742e90
Event: 20.424 Thread 0x00000281ffb92b40 flushing  nmethod 0x0000028180744410
Event: 20.424 Thread 0x00000281ffb92b40 flushing  nmethod 0x0000028180744910
Event: 20.424 Thread 0x00000281ffb92b40 flushing  nmethod 0x0000028180745210
Event: 20.424 Thread 0x00000281ffb92b40 flushing  nmethod 0x0000028180746610
Event: 20.424 Thread 0x00000281ffb92b40 flushing  nmethod 0x000002818074b690
Event: 20.424 Thread 0x00000281ffb92b40 flushing  nmethod 0x000002818078ff90
Event: 20.424 Thread 0x00000281ffb92b40 flushing  nmethod 0x0000028180790910
Event: 20.424 Thread 0x00000281ffb92b40 flushing  nmethod 0x00000281807b9a10
Event: 20.424 Thread 0x00000281ffb92b40 flushing  nmethod 0x0000028180802210
Event: 20.424 Thread 0x00000281ffb92b40 flushing  nmethod 0x0000028180824a90
Event: 20.424 Thread 0x00000281ffb92b40 flushing  nmethod 0x0000028180828710
Event: 20.424 Thread 0x00000281ffb92b40 flushing  nmethod 0x000002818083eb90
Event: 20.424 Thread 0x00000281ffb92b40 flushing  nmethod 0x0000028180861f90
Event: 20.424 Thread 0x00000281ffb92b40 flushing  nmethod 0x000002818088a510
Event: 20.424 Thread 0x00000281ffb92b40 flushing  nmethod 0x000002818088a990
Event: 20.424 Thread 0x00000281ffb92b40 flushing  nmethod 0x000002818088cc90

Events (20 events):
Event: 20.331 Thread 0x00000281fa2bc560 Thread added: 0x00000281d96acf10
Event: 20.331 Thread 0x00000281fa2bc560 Thread added: 0x00000281d96ac1f0
Event: 20.331 Thread 0x00000281fa2bc560 Thread added: 0x00000281d96aa120
Event: 20.331 Thread 0x00000281fa2bc560 Thread added: 0x00000281d96aa7b0
Event: 20.331 Thread 0x00000281fa2bc560 Thread added: 0x00000281d96ab4d0
Event: 20.332 Thread 0x00000281fa2bc560 Thread added: 0x00000281d96adc30
Event: 20.332 Thread 0x00000281fa2bc560 Thread added: 0x00000281d96abb60
Event: 20.332 Thread 0x00000281fa2bc560 Thread added: 0x00000281d96aae40
Event: 20.332 Thread 0x00000281fa2bc560 Thread added: 0x00000281dda86f20
Event: 20.333 Thread 0x00000281fa2bc560 Thread added: 0x00000281dda847c0
Event: 20.333 Thread 0x00000281fa2bc560 Thread added: 0x00000281dda86200
Event: 20.364 Thread 0x00000281d96334a0 Thread added: 0x00000281ddab86e0
Event: 20.365 Thread 0x00000281ddab86e0 Thread added: 0x00000281db399200
Event: 20.442 Thread 0x00000281fa2bc560 Thread added: 0x00000281dda83aa0
Event: 20.481 Thread 0x00000281d96334a0 Thread added: 0x00000281d33795c0
Event: 20.487 Thread 0x00000281d33795c0 Thread added: 0x00000281d9bb5f50
Event: 21.307 Thread 0x00000281d96a86e0 Thread added: 0x00000281dda84130
Event: 23.483 Thread 0x00000281d9ed3a70 Thread exited: 0x00000281d9ed3a70
Event: 24.044 Thread 0x00000281fa2bc560 Thread added: 0x00000281dda875b0
Event: 24.044 Thread 0x00000281fa2bc560 Thread added: 0x00000281dda87c40


Dynamic libraries:
0x00007ff7fe690000 - 0x00007ff7fe69e000 	c:\Users\Janhvi\.vscode\extensions\redhat.java-1.41.0-win32-x64\jre\21.0.6-win32-x86_64\bin\java.exe
0x00007ffc967e0000 - 0x00007ffc96a40000 	C:\WINDOWS\SYSTEM32\ntdll.dll
0x00007ffc94c90000 - 0x00007ffc94d57000 	C:\WINDOWS\System32\KERNEL32.DLL
0x00007ffc93c60000 - 0x00007ffc9402b000 	C:\WINDOWS\System32\KERNELBASE.dll
0x00007ffc93a50000 - 0x00007ffc93b9b000 	C:\WINDOWS\System32\ucrtbase.dll
0x00007ffc90150000 - 0x00007ffc9016e000 	c:\Users\Janhvi\.vscode\extensions\redhat.java-1.41.0-win32-x64\jre\21.0.6-win32-x86_64\bin\VCRUNTIME140.dll
0x00007ffc90130000 - 0x00007ffc90148000 	c:\Users\Janhvi\.vscode\extensions\redhat.java-1.41.0-win32-x64\jre\21.0.6-win32-x86_64\bin\jli.dll
0x00007ffc94d60000 - 0x00007ffc94f2c000 	C:\WINDOWS\System32\USER32.dll
0x00007ffc7b6c0000 - 0x00007ffc7b957000 	C:\WINDOWS\WinSxS\amd64_microsoft.windows.common-controls_6595b64144ccf1df_6.0.26100.3624_none_3e086962e3345f24\COMCTL32.dll
0x00007ffc942e0000 - 0x00007ffc94307000 	C:\WINDOWS\System32\win32u.dll
0x00007ffc94ff0000 - 0x00007ffc95099000 	C:\WINDOWS\System32\msvcrt.dll
0x00007ffc94fc0000 - 0x00007ffc94fea000 	C:\WINDOWS\System32\GDI32.dll
0x00007ffc94030000 - 0x00007ffc94161000 	C:\WINDOWS\System32\gdi32full.dll
0x00007ffc943b0000 - 0x00007ffc94453000 	C:\WINDOWS\System32\msvcp_win.dll
0x00007ffc94a10000 - 0x00007ffc94a3f000 	C:\WINDOWS\System32\IMM32.DLL
0x00007ffc8fa70000 - 0x00007ffc8fa7c000 	c:\Users\Janhvi\.vscode\extensions\redhat.java-1.41.0-win32-x64\jre\21.0.6-win32-x86_64\bin\vcruntime140_1.dll
0x00007ffc8f4e0000 - 0x00007ffc8f56d000 	c:\Users\Janhvi\.vscode\extensions\redhat.java-1.41.0-win32-x64\jre\21.0.6-win32-x86_64\bin\msvcp140.dll
0x00007ffc26ac0000 - 0x00007ffc27850000 	c:\Users\Janhvi\.vscode\extensions\redhat.java-1.41.0-win32-x64\jre\21.0.6-win32-x86_64\bin\server\jvm.dll
0x00007ffc966e0000 - 0x00007ffc96793000 	C:\WINDOWS\System32\ADVAPI32.dll
0x00007ffc948f0000 - 0x00007ffc94996000 	C:\WINDOWS\System32\sechost.dll
0x00007ffc950a0000 - 0x00007ffc951b6000 	C:\WINDOWS\System32\RPCRT4.dll
0x00007ffc94780000 - 0x00007ffc947f4000 	C:\WINDOWS\System32\WS2_32.dll
0x00007ffc93840000 - 0x00007ffc9389e000 	C:\WINDOWS\SYSTEM32\POWRPROF.dll
0x00007ffc90850000 - 0x00007ffc90886000 	C:\WINDOWS\SYSTEM32\WINMM.dll
0x00007ffc7c500000 - 0x00007ffc7c50b000 	C:\WINDOWS\SYSTEM32\VERSION.dll
0x00007ffc93820000 - 0x00007ffc93834000 	C:\WINDOWS\SYSTEM32\UMPDC.dll
0x00007ffc927d0000 - 0x00007ffc927ea000 	C:\WINDOWS\SYSTEM32\kernel.appcore.dll
0x00007ffc8fa60000 - 0x00007ffc8fa6a000 	c:\Users\Janhvi\.vscode\extensions\redhat.java-1.41.0-win32-x64\jre\21.0.6-win32-x86_64\bin\jimage.dll
0x00007ffc91050000 - 0x00007ffc91291000 	C:\WINDOWS\SYSTEM32\DBGHELP.DLL
0x00007ffc95bc0000 - 0x00007ffc95f43000 	C:\WINDOWS\System32\combase.dll
0x00007ffc95f50000 - 0x00007ffc96026000 	C:\WINDOWS\System32\OLEAUT32.dll
0x00007ffc908d0000 - 0x00007ffc90909000 	C:\WINDOWS\SYSTEM32\dbgcore.DLL
0x00007ffc94310000 - 0x00007ffc943a9000 	C:\WINDOWS\System32\bcryptPrimitives.dll
0x00007ffc8fa50000 - 0x00007ffc8fa5f000 	c:\Users\Janhvi\.vscode\extensions\redhat.java-1.41.0-win32-x64\jre\21.0.6-win32-x86_64\bin\instrument.dll
0x00007ffc8f170000 - 0x00007ffc8f18f000 	c:\Users\Janhvi\.vscode\extensions\redhat.java-1.41.0-win32-x64\jre\21.0.6-win32-x86_64\bin\java.dll
0x00007ffc952a0000 - 0x00007ffc959c9000 	C:\WINDOWS\System32\SHELL32.dll
0x00007ffc94170000 - 0x00007ffc942d8000 	C:\WINDOWS\System32\wintypes.dll
0x00007ffc91630000 - 0x00007ffc91e82000 	C:\WINDOWS\SYSTEM32\windows.storage.dll
0x00007ffc94800000 - 0x00007ffc948ed000 	C:\WINDOWS\System32\SHCORE.dll
0x00007ffc949a0000 - 0x00007ffc94a04000 	C:\WINDOWS\System32\shlwapi.dll
0x00007ffc938d0000 - 0x00007ffc938ff000 	C:\WINDOWS\SYSTEM32\profapi.dll
0x00007ffc8f090000 - 0x00007ffc8f0a8000 	c:\Users\Janhvi\.vscode\extensions\redhat.java-1.41.0-win32-x64\jre\21.0.6-win32-x86_64\bin\zip.dll
0x00007ffc8f4d0000 - 0x00007ffc8f4e0000 	C:\Users\Janhvi\.vscode\extensions\redhat.java-1.41.0-win32-x64\jre\21.0.6-win32-x86_64\bin\net.dll
0x00007ffc828e0000 - 0x00007ffc829fd000 	C:\WINDOWS\SYSTEM32\WINHTTP.dll
0x00007ffc92cf0000 - 0x00007ffc92d5a000 	C:\WINDOWS\system32\mswsock.dll
0x00007ffc8f0b0000 - 0x00007ffc8f0c6000 	C:\Users\Janhvi\.vscode\extensions\redhat.java-1.41.0-win32-x64\jre\21.0.6-win32-x86_64\bin\nio.dll
0x00007ffc8fa40000 - 0x00007ffc8fa50000 	c:\Users\Janhvi\.vscode\extensions\redhat.java-1.41.0-win32-x64\jre\21.0.6-win32-x86_64\bin\verify.dll
0x00007ffc8ef70000 - 0x00007ffc8efb5000 	C:\Users\Janhvi\AppData\Roaming\Code\User\globalStorage\redhat.java\1.41.0\config_win\org.eclipse.equinox.launcher\org.eclipse.equinox.launcher.win32.win32.x86_64_1.2.1300.v20250325-0811\eclipse_11911.dll
0x00007ffc945e0000 - 0x00007ffc94776000 	C:\WINDOWS\System32\ole32.dll
0x00007ffc92f90000 - 0x00007ffc92fac000 	C:\WINDOWS\SYSTEM32\CRYPTSP.dll
0x00007ffc92730000 - 0x00007ffc9276a000 	C:\WINDOWS\system32\rsaenh.dll
0x00007ffc92d90000 - 0x00007ffc92dbb000 	C:\WINDOWS\SYSTEM32\USERENV.dll
0x00007ffc931d0000 - 0x00007ffc931f6000 	C:\WINDOWS\SYSTEM32\bcrypt.dll
0x00007ffc92fb0000 - 0x00007ffc92fbc000 	C:\WINDOWS\SYSTEM32\CRYPTBASE.dll
0x00007ffc92260000 - 0x00007ffc92293000 	C:\WINDOWS\SYSTEM32\IPHLPAPI.DLL
0x00007ffc94fb0000 - 0x00007ffc94fba000 	C:\WINDOWS\System32\NSI.dll
0x00007ffc8e1f0000 - 0x00007ffc8e239000 	C:\Users\Janhvi\AppData\Local\Temp\jna--2083447868\jna5399505973887303666.dll
0x00007ffc94b50000 - 0x00007ffc94b58000 	C:\WINDOWS\System32\PSAPI.DLL
0x00007ffc898b0000 - 0x00007ffc898cf000 	C:\WINDOWS\SYSTEM32\dhcpcsvc6.DLL
0x00007ffc89480000 - 0x00007ffc894a5000 	C:\WINDOWS\SYSTEM32\dhcpcsvc.DLL

dbghelp: loaded successfully - version: 4.0.5 - missing functions: none
symbol engine: initialized successfully - sym options: 0x614 - pdb path: .;c:\Users\Janhvi\.vscode\extensions\redhat.java-1.41.0-win32-x64\jre\21.0.6-win32-x86_64\bin;C:\WINDOWS\SYSTEM32;C:\WINDOWS\WinSxS\amd64_microsoft.windows.common-controls_6595b64144ccf1df_6.0.26100.3624_none_3e086962e3345f24;c:\Users\Janhvi\.vscode\extensions\redhat.java-1.41.0-win32-x64\jre\21.0.6-win32-x86_64\bin\server;C:\Users\Janhvi\AppData\Roaming\Code\User\globalStorage\redhat.java\1.41.0\config_win\org.eclipse.equinox.launcher\org.eclipse.equinox.launcher.win32.win32.x86_64_1.2.1300.v20250325-0811;C:\Users\Janhvi\AppData\Local\Temp\jna--2083447868

VM Arguments:
jvm_args: --add-modules=ALL-SYSTEM --add-opens=java.base/java.util=ALL-UNNAMED --add-opens=java.base/java.lang=ALL-UNNAMED --add-opens=java.base/sun.nio.fs=ALL-UNNAMED -Declipse.application=org.eclipse.jdt.ls.core.id1 -Dosgi.bundles.defaultStartLevel=4 -Declipse.product=org.eclipse.jdt.ls.core.product -Djava.import.generatesMetadataFilesAtProjectRoot=false -DDetectVMInstallationsJob.disabled=true -Dfile.encoding=utf8 -XX:+UseParallelGC -XX:GCTimeRatio=4 -XX:AdaptiveSizePolicyWeight=90 -Dsun.zip.disableMemoryMapping=true -Xmx1G -Xms100m -Xlog:disable -javaagent:c:\Users\Janhvi\.vscode\extensions\redhat.java-1.41.0-win32-x64\lombok\lombok-1.18.36.jar -XX:+HeapDumpOnOutOfMemoryError -XX:HeapDumpPath=c:\Users\Janhvi\AppData\Roaming\Code\User\workspaceStorage\c0c48b47556db63df1e9c911982a99ea\redhat.java -Daether.dependencyCollector.impl=bf 
java_command: c:\Users\Janhvi\.vscode\extensions\redhat.java-1.41.0-win32-x64\server\plugins\org.eclipse.equinox.launcher_1.6.1100.v20250306-0509.jar -configuration c:\Users\Janhvi\AppData\Roaming\Code\User\globalStorage\redhat.java\1.41.0\config_win -data c:\Users\Janhvi\AppData\Roaming\Code\User\workspaceStorage\c0c48b47556db63df1e9c911982a99ea\redhat.java\jdt_ws --pipe=\\.\pipe\lsp-a58125cb1e95c1f4f77b42125e3fe5a2-sock
java_class_path (initial): c:\Users\Janhvi\.vscode\extensions\redhat.java-1.41.0-win32-x64\server\plugins\org.eclipse.equinox.launcher_1.6.1100.v20250306-0509.jar
Launcher Type: SUN_STANDARD

[Global flags]
    uintx AdaptiveSizePolicyWeight                 = 90                                        {product} {command line}
     intx CICompilerCount                          = 12                                        {product} {ergonomic}
    uintx GCTimeRatio                              = 4                                         {product} {command line}
     bool HeapDumpOnOutOfMemoryError               = true                                   {manageable} {command line}
    ccstr HeapDumpPath                             = c:\Users\Janhvi\AppData\Roaming\Code\User\workspaceStorage\c0c48b47556db63df1e9c911982a99ea\redhat.java         {manageable} {command line}
   size_t InitialHeapSize                          = 104857600                                 {product} {command line}
   size_t MaxHeapSize                              = 1073741824                                {product} {command line}
   size_t MaxNewSize                               = 357564416                                 {product} {ergonomic}
   size_t MinHeapDeltaBytes                        = 524288                                    {product} {ergonomic}
   size_t MinHeapSize                              = 104857600                                 {product} {command line}
   size_t NewSize                                  = 34603008                                  {product} {ergonomic}
    uintx NonNMethodCodeHeapSize                   = 7602480                                {pd product} {ergonomic}
    uintx NonProfiledCodeHeapSize                  = 122027880                              {pd product} {ergonomic}
   size_t OldSize                                  = 70254592                                  {product} {ergonomic}
    uintx ProfiledCodeHeapSize                     = 122027880                              {pd product} {ergonomic}
    uintx ReservedCodeCacheSize                    = 251658240                              {pd product} {ergonomic}
     bool SegmentedCodeCache                       = true                                      {product} {ergonomic}
   size_t SoftMaxHeapSize                          = 1073741824                             {manageable} {ergonomic}
     bool UseCompressedOops                        = true                           {product lp64_product} {ergonomic}
     bool UseLargePagesIndividualAllocation        = false                                  {pd product} {ergonomic}
     bool UseParallelGC                            = true                                      {product} {command line}

Logging:
Log output configuration:
 #0: stdout all=off uptime,level,tags foldmultilines=false
 #1: stderr all=off uptime,level,tags foldmultilines=false

Environment Variables:
PATH=C:\Program Files\Common Files\Oracle\Java\javapath;C:\WINDOWS\system32;C:\WINDOWS;C:\WINDOWS\System32\Wbem;C:\WINDOWS\System32\WindowsPowerShell\v1.0\;C:\WINDOWS\System32\OpenSSH\;C:\Program Files\dotnet\;C:\MinGW\bin;C:\Program Files\Git\cmd;C:\ProgramData\chocolatey\bin;C:\Program Files\nodejs\;C:\Program Files\Java\jdk-21\bin;C:\Users\Janhvi\AppData\Local\Packages\PythonSoftwareFoundation.Python.3.10_qbz5n2kfra8p0\LocalCache\local-packages\Python310\Scripts;C:\Users\Janhvi\AppData\Local\Programs\Python\Python312\;C:\Program Files\apache-maven-3.9.9-bin\apache-maven-3.9.9\bin;C:\Users\Janhvi\OneDrive\Desktop\ngrok-v3-stable-windows-amd64;C:\Program Files\Amazon\AWSCLIV2\;C:\Python312\Scripts\;C:\Python312\;C:\Users\Janhvi\AppData\Local\Programs\Python\Python312\Scripts\;C:\Users\Janhvi\AppData\Local\Programs\Python\Python312\;C:\Program Files\MySQL\MySQL Shell 8.0\bin\;C:\Users\Janhvi\AppData\Local\Microsoft\WindowsApps;C:\Users\Janhvi\AppData\Local\Programs\Microsoft VS Code\bin;C:\Program Files\JetBrains\IntelliJ IDEA Community Edition 2022.2.3\bin;;C:\MinGW\bin;C:\ProgramData\Janhvi\GitHubDesktop\bin;C:\Users\Janhvi\AppData\Local\GitHubDesktop\bin;C:\Users\Janhvi\AppData\Local\Microsoft\WinGet\Packages\Schniz.fnm_Microsoft.Winget.Source_8wekyb3d8bbwe;C:\Program Files\nodejs;C:\Users\Janhvi\AppData\Roaming\npm;C:\flutter\bin;C:\Users\Janhvi;C:\Users\Janhvi\.dotnet\tools
USERNAME=Janhvi
OS=Windows_NT
PROCESSOR_IDENTIFIER=Intel64 Family 6 Model 154 Stepping 3, GenuineIntel
TMP=C:\Users\Janhvi\AppData\Local\Temp
TEMP=C:\Users\Janhvi\AppData\Local\Temp




Periodic native trim disabled

---------------  S Y S T E M  ---------------

OS:
 Windows 11 , 64 bit Build 26100 (10.0.26100.3624)
OS uptime: 1 days 1:42 hours
Hyper-V role detected

CPU: total 16 (initial active 16) (8 cores per cpu, 2 threads per core) family 6 model 154 stepping 3 microcode 0x435, cx8, cmov, fxsr, ht, mmx, 3dnowpref, sse, sse2, sse3, ssse3, sse4.1, sse4.2, popcnt, lzcnt, tsc, tscinvbit, avx, avx2, aes, erms, clmul, bmi1, bmi2, adx, sha, fma, vzeroupper, clflush, clflushopt, clwb, hv, serialize, rdtscp, rdpid, fsrm, f16c, cet_ibt, cet_ss
Processor Information for processor 0
  Max Mhz: 1700, Current Mhz: 1700, Mhz Limit: 1700
Processor Information for processor 1
  Max Mhz: 1700, Current Mhz: 1700, Mhz Limit: 1700
Processor Information for processor 2
  Max Mhz: 1700, Current Mhz: 1700, Mhz Limit: 1700
Processor Information for processor 3
  Max Mhz: 1700, Current Mhz: 1700, Mhz Limit: 1700
Processor Information for processor 4
  Max Mhz: 1700, Current Mhz: 1700, Mhz Limit: 1700
Processor Information for processor 5
  Max Mhz: 1700, Current Mhz: 1700, Mhz Limit: 1700
Processor Information for processor 6
  Max Mhz: 1700, Current Mhz: 1700, Mhz Limit: 1700
Processor Information for processor 7
  Max Mhz: 1700, Current Mhz: 1700, Mhz Limit: 1700
Processor Information for processor 8
  Max Mhz: 1700, Current Mhz: 1200, Mhz Limit: 1190
Processor Information for processor 9
  Max Mhz: 1700, Current Mhz: 1200, Mhz Limit: 1190
Processor Information for processor 10
  Max Mhz: 1700, Current Mhz: 1200, Mhz Limit: 1190
Processor Information for processor 11
  Max Mhz: 1700, Current Mhz: 1200, Mhz Limit: 1190
Processor Information for processor 12
  Max Mhz: 1700, Current Mhz: 1200, Mhz Limit: 1190
Processor Information for processor 13
  Max Mhz: 1700, Current Mhz: 1200, Mhz Limit: 1190
Processor Information for processor 14
  Max Mhz: 1700, Current Mhz: 1200, Mhz Limit: 1190
Processor Information for processor 15
  Max Mhz: 1700, Current Mhz: 1200, Mhz Limit: 1190

Memory: 4k page, system-wide physical 16068M (2499M free)
TotalPageFile size 65220M (AvailPageFile size 61M)
current process WorkingSet (physical memory assigned to process): 243M, peak: 244M
current process commit charge ("private bytes"): 350M, peak: 350M

vm_info: OpenJDK 64-Bit Server VM (21.0.6+7-LTS) for windows-amd64 JRE (21.0.6+7-LTS), built on 2025-01-21T00:00:00Z by "admin" with MS VC++ 17.7 (VS2022)

END.
